2026-03-26 18:53:55,352 - feature_engineering - ERROR - File not found: params.yaml
2026-03-26 18:53:55,353 - feature_engineering - ERROR - Failed to complete the feature engineering process: [Errno 2] No such file or directory: 'params.yaml'
2026-03-26 18:54:39,386 - feature_engineering - DEBUG - Data loaded and NaNs filled from ./data/interim/train_processed.csv
2026-03-26 18:54:39,388 - feature_engineering - DEBUG - Data loaded and NaNs filled from ./data/interim/test_processed.csv
2026-03-26 18:54:39,463 - feature_engineering - DEBUG - tfidf applied and data transformed
2026-03-26 18:54:39,605 - feature_engineering - DEBUG - Data saved to ./data\processed\train_tfidf.csv
2026-03-26 18:54:39,642 - feature_engineering - DEBUG - Data saved to ./data\processed\test_tfidf.csv
2026-03-26 19:37:59,970 - feature_engineering - DEBUG - Data loaded and NaNs filled from ./data/interim/train_processed.csv
2026-03-26 19:38:00,002 - feature_engineering - DEBUG - Data loaded and NaNs filled from ./data/interim/test_processed.csv
2026-03-26 19:38:00,125 - feature_engineering - DEBUG - tfidf applied and data transformed
2026-03-26 19:38:00,282 - feature_engineering - DEBUG - Data saved to ./data\processed\train_tfidf.csv
2026-03-26 19:38:00,315 - feature_engineering - DEBUG - Data saved to ./data\processed\test_tfidf.csv
2026-03-26 19:38:17,759 - feature_engineering - DEBUG - Data loaded and NaNs filled from ./data/interim/train_processed.csv
2026-03-26 19:38:17,763 - feature_engineering - DEBUG - Data loaded and NaNs filled from ./data/interim/test_processed.csv
2026-03-26 19:38:17,827 - feature_engineering - DEBUG - tfidf applied and data transformed
2026-03-26 19:38:17,962 - feature_engineering - DEBUG - Data saved to ./data\processed\train_tfidf.csv
2026-03-26 19:38:18,008 - feature_engineering - DEBUG - Data saved to ./data\processed\test_tfidf.csv
2026-03-26 20:12:15,472 - feature_engineering - DEBUG - Parameters retrieved from params.yaml
2026-03-26 20:12:15,486 - feature_engineering - DEBUG - Data loaded and NaNs filled from ./data/interim/train_processed.csv
2026-03-26 20:12:15,490 - feature_engineering - DEBUG - Data loaded and NaNs filled from ./data/interim/test_processed.csv
2026-03-26 20:12:15,589 - feature_engineering - DEBUG - tfidf applied and data transformed
2026-03-26 20:12:15,694 - feature_engineering - DEBUG - Data saved to ./data\processed\train_tfidf.csv
2026-03-26 20:12:15,719 - feature_engineering - DEBUG - Data saved to ./data\processed\test_tfidf.csv
2026-03-26 20:29:24,690 - feature_engineering - DEBUG - Parameters retrieved from params.yaml
2026-03-26 20:29:24,698 - feature_engineering - DEBUG - Data loaded and NaNs filled from ./data/interim/train_processed.csv
2026-03-26 20:29:24,702 - feature_engineering - DEBUG - Data loaded and NaNs filled from ./data/interim/test_processed.csv
2026-03-26 20:29:24,773 - feature_engineering - DEBUG - tfidf applied and data transformed
2026-03-26 20:29:24,841 - feature_engineering - DEBUG - Data saved to ./data\processed\train_tfidf.csv
2026-03-26 20:29:24,895 - feature_engineering - DEBUG - Data saved to ./data\processed\test_tfidf.csv
