2026-03-26 18:57:49,965 - model_building - DEBUG - Data loaded from ./data/processed/train_tfidf.csv with shape (4152, 51)
2026-03-26 18:57:49,968 - model_building - ERROR - Failed to complete the model building process: train_model() missing 1 required positional argument: 'params'
2026-03-26 19:05:09,762 - model_building - DEBUG - Data loaded from ./data/processed/train_tfidf.csv with shape (4152, 51)
2026-03-26 19:05:09,764 - model_building - ERROR - Failed to complete the model building process: train_model() missing 1 required positional argument: 'params'
2026-03-26 19:07:01,340 - model_building - DEBUG - Data loaded from ./data/processed/train_tfidf.csv with shape (4152, 51)
2026-03-26 19:07:01,370 - model_building - DEBUG - Initializing RandomForest model with parameters: {'n_estimators': 25, 'random_state': 42}
2026-03-26 19:07:01,373 - model_building - DEBUG - Model training started with 4152 samples
2026-03-26 19:07:01,621 - model_building - DEBUG - Model training completed
2026-03-26 19:07:01,661 - model_building - DEBUG - Model saved to models/model.pkl
2026-03-26 19:38:22,118 - model_building - DEBUG - Data loaded from ./data/processed/train_tfidf.csv with shape (4152, 51)
2026-03-26 19:38:22,123 - model_building - DEBUG - Initializing RandomForest model with parameters: {'n_estimators': 25, 'random_state': 42}
2026-03-26 19:38:22,123 - model_building - DEBUG - Model training started with 4152 samples
2026-03-26 19:38:22,283 - model_building - DEBUG - Model training completed
2026-03-26 19:38:22,318 - model_building - DEBUG - Model saved to models/model.pkl
2026-03-26 19:38:38,793 - model_building - DEBUG - Data loaded from ./data/processed/train_tfidf.csv with shape (4152, 51)
2026-03-26 19:38:38,795 - model_building - DEBUG - Initializing RandomForest model with parameters: {'n_estimators': 25, 'random_state': 42}
2026-03-26 19:38:38,795 - model_building - DEBUG - Model training started with 4152 samples
2026-03-26 19:38:38,990 - model_building - DEBUG - Model training completed
2026-03-26 19:38:38,993 - model_building - DEBUG - Model saved to models/model.pkl
2026-03-26 20:12:20,257 - model_building - DEBUG - Parameters retrieved from params.yaml
2026-03-26 20:12:20,283 - model_building - DEBUG - Data loaded from ./data/processed/train_tfidf.csv with shape (4152, 36)
2026-03-26 20:12:20,288 - model_building - DEBUG - Initializing RandomForest model with parameters: {'n_estimators': 22, 'random_state': 2}
2026-03-26 20:12:20,290 - model_building - DEBUG - Model training started with 4152 samples
2026-03-26 20:12:20,420 - model_building - DEBUG - Model training completed
2026-03-26 20:12:20,425 - model_building - DEBUG - Model saved to models/model.pkl
2026-03-26 20:19:26,848 - model_building - DEBUG - Parameters retrieved from params.yaml
2026-03-26 20:19:26,868 - model_building - DEBUG - Data loaded from ./data/processed/train_tfidf.csv with shape (4152, 36)
2026-03-26 20:19:26,873 - model_building - DEBUG - Initializing RandomForest model with parameters: {'n_estimators': 20, 'random_state': 2}
2026-03-26 20:19:26,876 - model_building - DEBUG - Model training started with 4152 samples
2026-03-26 20:19:26,992 - model_building - DEBUG - Model training completed
2026-03-26 20:19:26,997 - model_building - DEBUG - Model saved to models/model.pkl
2026-03-26 20:29:27,612 - model_building - DEBUG - Parameters retrieved from params.yaml
2026-03-26 20:29:27,626 - model_building - DEBUG - Data loaded from ./data/processed/train_tfidf.csv with shape (2649, 51)
2026-03-26 20:29:27,627 - model_building - DEBUG - Initializing RandomForest model with parameters: {'n_estimators': 20, 'random_state': 2}
2026-03-26 20:29:27,627 - model_building - DEBUG - Model training started with 2649 samples
2026-03-26 20:29:27,712 - model_building - DEBUG - Model training completed
2026-03-26 20:29:27,715 - model_building - DEBUG - Model saved to models/model.pkl
2026-04-23 15:06:45,074 - model_building - DEBUG - Parameters retrieved from params.yaml
2026-04-23 15:06:45,088 - model_building - DEBUG - Data loaded from ./data/processed/train_tfidf.csv with shape (2649, 51)
2026-04-23 15:06:45,089 - model_building - DEBUG - Initializing RandomForest model with parameters: {'n_estimators': 20, 'random_state': 2}
2026-04-23 15:06:45,089 - model_building - DEBUG - Model training started with 2649 samples
2026-04-23 15:06:45,163 - model_building - DEBUG - Model training completed
2026-04-23 15:06:45,167 - model_building - DEBUG - Model saved to models/model.pkl
